<?xml version="1.0" encoding="UTF-8"?>
<testsuite xmlns:xsi="http://www.w3.org/2001/XMLSchema-instance" xsi:noNamespaceSchemaLocation="https://maven.apache.org/surefire/maven-surefire-plugin/xsd/surefire-test-report-3.0.xsd" version="3.0" name="com.challenge.gradebook.CourseTest" time="0.282" tests="75" errors="0" skipped="0" failures="0">
  <properties>
[...]
</properties>
  <testcase name="shouldThrowExceptionWhenWeightsDontTotal100Percent" classname="com.challenge.gradebook.CourseTest" time="0.013"/>
  <testcase name="shouldReturnProperlyFormattedToString" classname="com.challenge.gradebook.CourseTest" time="0.003"/>
  <testcase name="shouldBeEqualToItself" classname="com.challenge.gradebook.CourseTest" time="0.001"/>
  <testcase name="shouldTrimWhitespaceFromCourseName" classname="com.challenge.gradebook.CourseTest" time="0.005"/>
  <testcase name="shouldThrowExceptionForNullCourseName" classname="com.challenge.gradebook.CourseTest" time="0.003"/>
  <testcase name="shouldThrowExceptionForWhitespaceOnlyCourseName" classname="com.challenge.gradebook.CourseTest" time="0.008"/>
  <testcase name="shouldHandleFloatingPointPrecisionInWeights" classname="com.challenge.gradebook.CourseTest" time="0.001"/>
  <testcase name="shouldReturnCorrectGpaPointsForCourse" classname="com.challenge.gradebook.CourseTest" time="0.001"/>
  <testcase name="shouldHandleGradeBoundaryConditionsCorrectly(double)[1]" classname="com.challenge.gradebook.CourseTest" time="0.005"/>
  <testcase name="shouldHandleGradeBoundaryConditionsCorrectly(double)[2]" classname="com.challenge.gradebook.CourseTest" time="0.002"/>
  <testcase name="shouldHandleGradeBoundaryConditionsCorrectly(double)[3]" classname="com.challenge.gradebook.CourseTest" time="0.003"/>
  <testcase name="shouldHandleGradeBoundaryConditionsCorrectly(double)[4]" classname="com.challenge.gradebook.CourseTest" time="0.001"/>
  <testcase name="shouldHandleGradeBoundaryConditionsCorrectly(double)[5]" classname="com.challenge.gradebook.CourseTest" time="0.001"/>
  <testcase name="shouldHandleGradeBoundaryConditionsCorrectly(double)[6]" classname="com.challenge.gradebook.CourseTest" time="0.002"/>
  <testcase name="shouldHandleGradeBoundaryConditionsCorrectly(double)[7]" classname="com.challenge.gradebook.CourseTest" time="0.002"/>
  <testcase name="shouldHandleGradeBoundaryConditionsCorrectly(double)[8]" classname="com.challenge.gradebook.CourseTest" time="0.002"/>
  <testcase name="shouldHandleGradeBoundaryConditionsCorrectly(double)[9]" classname="com.challenge.gradebook.CourseTest" time="0.002"/>
  <testcase name="shouldHandleGradeBoundaryConditionsCorrectly(double)[10]" classname="com.challenge.gradebook.CourseTest" time="0.001"/>
  <testcase name="shouldHandleGradeBoundaryConditionsCorrectly(double)[11]" classname="com.challenge.gradebook.CourseTest" time="0.002"/>
  <testcase name="shouldHandleGradeBoundaryConditionsCorrectly(double)[12]" classname="com.challenge.gradebook.CourseTest" time="0.001"/>
  <testcase name="shouldHandleMaximumCreditHours" classname="com.challenge.gradebook.CourseTest" time="0.001"/>
  <testcase name="shouldCalculateCategoryAverageWithSingleAssignment" classname="com.challenge.gradebook.CourseTest" time="0"/>
  <testcase name="shouldGenerateComprehensiveCourseReport" classname="com.challenge.gradebook.CourseTest" time="0.003"/>
  <testcase name="shouldNotBeEqualWhenCourseNamesDiffer" classname="com.challenge.gradebook.CourseTest" time="0"/>
  <testcase name="shouldAddMultipleAssignmentsToCourse" classname="com.challenge.gradebook.CourseTest" time="0.019"/>
  <testcase name="shouldReturnCorrectFinalLetterGradeForCourse" classname="com.challenge.gradebook.CourseTest" time="0.001"/>
  <testcase name="shouldReturn0ForFinalGradeWithNoAssignments" classname="com.challenge.gradebook.CourseTest" time="0.001"/>
  <testcase name="shouldBeEqualWhenCourseNamesMatch" classname="com.challenge.gradebook.CourseTest" time="0"/>
  <testcase name="shouldReturnDefensiveCopiesFromGetters" classname="com.challenge.gradebook.CourseTest" time="0.013"/>
  <testcase name="shouldCalculateCategoryAverageWithMultipleAssignments" classname="com.challenge.gradebook.CourseTest" time="0.002"/>
  <testcase name="shouldNotBeEqualToNull" classname="com.challenge.gradebook.CourseTest" time="0.002"/>
  <testcase name="shouldThrowExceptionForNullCategoryWeights" classname="com.challenge.gradebook.CourseTest" time="0.001"/>
  <testcase name="shouldThrowExceptionForEmptyCategoryWeights" classname="com.challenge.gradebook.CourseTest" time="0.004"/>
  <testcase name="shouldReturnEmptyListForCategoryWithNoAssignments" classname="com.challenge.gradebook.CourseTest" time="0.003"/>
  <testcase name="shouldReturnCorrectGpaPointsForLetterGrade(String, double)[1]" classname="com.challenge.gradebook.CourseTest" time="0.001"/>
  <testcase name="shouldReturnCorrectGpaPointsForLetterGrade(String, double)[2]" classname="com.challenge.gradebook.CourseTest" time="0.001"/>
  <testcase name="shouldReturnCorrectGpaPointsForLetterGrade(String, double)[3]" classname="com.challenge.gradebook.CourseTest" time="0"/>
  <testcase name="shouldReturnCorrectGpaPointsForLetterGrade(String, double)[4]" classname="com.challenge.gradebook.CourseTest" time="0.001"/>
  <testcase name="shouldReturnCorrectGpaPointsForLetterGrade(String, double)[5]" classname="com.challenge.gradebook.CourseTest" time="0.001"/>
  <testcase name="shouldReturnCorrectGpaPointsForLetterGrade(String, double)[6]" classname="com.challenge.gradebook.CourseTest" time="0"/>
  <testcase name="shouldReturnCorrectGpaPointsForLetterGrade(String, double)[7]" classname="com.challenge.gradebook.CourseTest" time="0.001"/>
  <testcase name="shouldReturnCorrectGpaPointsForLetterGrade(String, double)[8]" classname="com.challenge.gradebook.CourseTest" time="0.001"/>
  <testcase name="shouldReturnCorrectGpaPointsForLetterGrade(String, double)[9]" classname="com.challenge.gradebook.CourseTest" time="0.002"/>
  <testcase name="shouldReturnCorrectGpaPointsForLetterGrade(String, double)[10]" classname="com.challenge.gradebook.CourseTest" time="0.002"/>
  <testcase name="shouldCalculateFinalGradeWithAllCategories" classname="com.challenge.gradebook.CourseTest" time="0"/>
  <testcase name="shouldReturn0ForEmptyCategoryAverage" classname="com.challenge.gradebook.CourseTest" time="0.001"/>
  <testcase name="shouldGetAssignmentsByCategory" classname="com.challenge.gradebook.CourseTest" time="0"/>
  <testcase name="shouldHandleVeryLongCourseName" classname="com.challenge.gradebook.CourseTest" time="0.001"/>
  <testcase name="shouldThrowExceptionForNegativeCreditHours" classname="com.challenge.gradebook.CourseTest" time="0.001"/>
  <testcase name="shouldAddValidAssignmentToCourse" classname="com.challenge.gradebook.CourseTest" time="0.002"/>
  <testcase name="shouldGenerateCourseReportWithNoAssignments" classname="com.challenge.gradebook.CourseTest" time="0.004"/>
  <testcase name="shouldCreateCourseWithCustomWeights" classname="com.challenge.gradebook.CourseTest" time="0.004"/>
  <testcase name="shouldThrowExceptionForNullAssignment" classname="com.challenge.gradebook.CourseTest" time="0.001"/>
  <testcase name="shouldReturnCorrectValuesFromGetters" classname="com.challenge.gradebook.CourseTest" time="0.001"/>
  <testcase name="shouldCalculateFinalGradeWithMissingCategories" classname="com.challenge.gradebook.CourseTest" time="0.001"/>
  <testcase name="shouldThrowExceptionForZeroCreditHours" classname="com.challenge.gradebook.CourseTest" time="0.001"/>
  <testcase name="shouldHandleZeroTotalPossiblePointsInCategory" classname="com.challenge.gradebook.CourseTest" time="0"/>
  <testcase name="shouldThrowExceptionForInvalidLetterGrade" classname="com.challenge.gradebook.CourseTest" time="0.002"/>
  <testcase name="shouldReturnCorrectLetterGradeForPercentage(double, String)[1]" classname="com.challenge.gradebook.CourseTest" time="0.006"/>
  <testcase name="shouldReturnCorrectLetterGradeForPercentage(double, String)[2]" classname="com.challenge.gradebook.CourseTest" time="0.002"/>
  <testcase name="shouldReturnCorrectLetterGradeForPercentage(double, String)[3]" classname="com.challenge.gradebook.CourseTest" time="0.001"/>
  <testcase name="shouldReturnCorrectLetterGradeForPercentage(double, String)[4]" classname="com.challenge.gradebook.CourseTest" time="0.001"/>
  <testcase name="shouldReturnCorrectLetterGradeForPercentage(double, String)[5]" classname="com.challenge.gradebook.CourseTest" time="0.001"/>
  <testcase name="shouldReturnCorrectLetterGradeForPercentage(double, String)[6]" classname="com.challenge.gradebook.CourseTest" time="0.001"/>
  <testcase name="shouldReturnCorrectLetterGradeForPercentage(double, String)[7]" classname="com.challenge.gradebook.CourseTest" time="0.001"/>
  <testcase name="shouldReturnCorrectLetterGradeForPercentage(double, String)[8]" classname="com.challenge.gradebook.CourseTest" time="0.001"/>
  <testcase name="shouldReturnCorrectLetterGradeForPercentage(double, String)[9]" classname="com.challenge.gradebook.CourseTest" time="0.003"/>
  <testcase name="shouldReturnCorrectLetterGradeForPercentage(double, String)[10]" classname="com.challenge.gradebook.CourseTest" time="0.004"/>
  <testcase name="shouldReturnCorrectLetterGradeForPercentage(double, String)[11]" classname="com.challenge.gradebook.CourseTest" time="0.001"/>
  <testcase name="shouldReturnCorrectLetterGradeForPercentage(double, String)[12]" classname="com.challenge.gradebook.CourseTest" time="0.001"/>
  <testcase name="shouldReturnCorrectLetterGradeForPercentage(double, String)[13]" classname="com.challenge.gradebook.CourseTest" time="0"/>
  <testcase name="shouldReturnCorrectLetterGradeForPercentage(double, String)[14]" classname="com.challenge.gradebook.CourseTest" time="0.001"/>
  <testcase name="shouldCalculateFinalGradeWithCustomWeights" classname="com.challenge.gradebook.CourseTest" time="0"/>
  <testcase name="shouldThrowExceptionForEmptyCourseName" classname="com.challenge.gradebook.CourseTest" time="0.002"/>
  <testcase name="shouldCreateCourseWithDefaultWeights" classname="com.challenge.gradebook.CourseTest" time="0.001"/>
</testsuite>