<?xml version="1.0" encoding="UTF-8"?>
<testsuite xmlns:xsi="http://www.w3.org/2001/XMLSchema-instance" xsi:noNamespaceSchemaLocation="https://maven.apache.org/surefire/maven-surefire-plugin/xsd/surefire-test-report-3.0.xsd" version="3.0" name="com.challenge.gradebook.AssignmentTest" time="0.419" tests="39" errors="0" skipped="0" failures="0">
  <properties>
[...]
</properties>
  <testcase name="shouldReturnProperlyFormattedToString" classname="com.challenge.gradebook.AssignmentTest" time="0.137"/>
  <testcase name="shouldBeEqualToItself" classname="com.challenge.gradebook.AssignmentTest" time="0.004"/>
  <testcase name="shouldThrowExceptionForNullCategory" classname="com.challenge.gradebook.AssignmentTest" time="0.006"/>
  <testcase name="shouldCreateAssignmentWithAnyGradingCategory(String)[1]" classname="com.challenge.gradebook.AssignmentTest" time="0.04"/>
  <testcase name="shouldCreateAssignmentWithAnyGradingCategory(String)[2]" classname="com.challenge.gradebook.AssignmentTest" time="0.001"/>
  <testcase name="shouldCreateAssignmentWithAnyGradingCategory(String)[3]" classname="com.challenge.gradebook.AssignmentTest" time="0.002"/>
  <testcase name="shouldCreateAssignmentWithAnyGradingCategory(String)[4]" classname="com.challenge.gradebook.AssignmentTest" time="0.002"/>
  <testcase name="shouldCreateAssignmentWithValidParameters" classname="com.challenge.gradebook.AssignmentTest" time="0.006"/>
  <testcase name="shouldCreateAssignmentWithZeroPointsEarned" classname="com.challenge.gradebook.AssignmentTest" time="0.001"/>
  <testcase name="shouldNotBeEqualWhenPointsEarnedDiffer" classname="com.challenge.gradebook.AssignmentTest" time="0.002"/>
  <testcase name="shouldThrowExceptionForNegativePointsPossible" classname="com.challenge.gradebook.AssignmentTest" time="0.002"/>
  <testcase name="shouldThrowExceptionForNegativePointsEarned" classname="com.challenge.gradebook.AssignmentTest" time="0.001"/>
  <testcase name="shouldHaveHashCodeBasedOnName" classname="com.challenge.gradebook.AssignmentTest" time="0.003"/>
  <testcase name="shouldNotBeEqualWhenCategoriesDiffer" classname="com.challenge.gradebook.AssignmentTest" time="0.001"/>
  <testcase name="shouldNotBeEqualToNull" classname="com.challenge.gradebook.AssignmentTest" time="0.001"/>
  <testcase name="shouldNotBeEqualWhenPointsPossibleDiffer" classname="com.challenge.gradebook.AssignmentTest" time="0.002"/>
  <testcase name="shouldThrowExceptionForZeroPointsPossible" classname="com.challenge.gradebook.AssignmentTest" time="0"/>
  <testcase name="shouldHandleVeryLargePointValues" classname="com.challenge.gradebook.AssignmentTest" time="0.003"/>
  <testcase name="shouldNotBeEqualWhenNamesDiffer" classname="com.challenge.gradebook.AssignmentTest" time="0"/>
  <testcase name="shouldBeEqualWhenAllPropertiesMatch" classname="com.challenge.gradebook.AssignmentTest" time="0.001"/>
  <testcase name="shouldThrowExceptionForNullName" classname="com.challenge.gradebook.AssignmentTest" time="0.001"/>
  <testcase name="shouldDisplayCorrectValuesInToString" classname="com.challenge.gradebook.AssignmentTest" time="0.01"/>
  <testcase name="shouldCalculateCorrectPercentageScores(double, double, double)[1]" classname="com.challenge.gradebook.AssignmentTest" time="0.003"/>
  <testcase name="shouldCalculateCorrectPercentageScores(double, double, double)[2]" classname="com.challenge.gradebook.AssignmentTest" time="0.002"/>
  <testcase name="shouldCalculateCorrectPercentageScores(double, double, double)[3]" classname="com.challenge.gradebook.AssignmentTest" time="0.003"/>
  <testcase name="shouldCalculateCorrectPercentageScores(double, double, double)[4]" classname="com.challenge.gradebook.AssignmentTest" time="0.002"/>
  <testcase name="shouldCalculateCorrectPercentageScores(double, double, double)[5]" classname="com.challenge.gradebook.AssignmentTest" time="0.003"/>
  <testcase name="shouldCalculateCorrectPercentageScores(double, double, double)[6]" classname="com.challenge.gradebook.AssignmentTest" time="0.009"/>
  <testcase name="shouldCalculateCorrectPercentageScores(double, double, double)[7]" classname="com.challenge.gradebook.AssignmentTest" time="0.002"/>
  <testcase name="shouldNotBeEqualToDifferentClassObject" classname="com.challenge.gradebook.AssignmentTest" time="0.001"/>
  <testcase name="shouldHandleVerySmallPointValues" classname="com.challenge.gradebook.AssignmentTest" time="0.001"/>
  <testcase name="shouldReturnCorrectValuesFromGetters" classname="com.challenge.gradebook.AssignmentTest" time="0.005"/>
  <testcase name="shouldHandleDecimalPrecisionInPercentageCalculation" classname="com.challenge.gradebook.AssignmentTest" time="0.001"/>
  <testcase name="shouldTrimWhitespaceFromAssignmentName" classname="com.challenge.gradebook.AssignmentTest" time="0.001"/>
  <testcase name="shouldHaveConsistentHashCode" classname="com.challenge.gradebook.AssignmentTest" time="0.001"/>
  <testcase name="shouldThrowExceptionForWhitespaceOnlyName" classname="com.challenge.gradebook.AssignmentTest" time="0.002"/>
  <testcase name="shouldCreateAssignmentWithPerfectScore" classname="com.challenge.gradebook.AssignmentTest" time="0.001"/>
  <testcase name="shouldThrowExceptionWhenPointsEarnedExceedsPointsPossible" classname="com.challenge.gradebook.AssignmentTest" time="0.003"/>
  <testcase name="shouldThrowExceptionForEmptyName" classname="com.challenge.gradebook.AssignmentTest" time="0.003"/>
</testsuite>