<?xml version="1.0" encoding="UTF-8"?>
<testsuite xmlns:xsi="http://www.w3.org/2001/XMLSchema-instance" xsi:noNamespaceSchemaLocation="https://maven.apache.org/surefire/maven-surefire-plugin/xsd/surefire-test-report-3.0.xsd" version="3.0" name="com.challenge.gradebook.GradingCategoryTest" time="0.296" tests="48" errors="0" skipped="0" failures="0">
  <properties>
[...]
</properties>
  <testcase name="shouldReturnProperlyFormattedToString(String, String)[1]" classname="com.challenge.gradebook.GradingCategoryTest" time="0.001"/>
  <testcase name="shouldReturnProperlyFormattedToString(String, String)[2]" classname="com.challenge.gradebook.GradingCategoryTest" time="0.001"/>
  <testcase name="shouldReturnProperlyFormattedToString(String, String)[3]" classname="com.challenge.gradebook.GradingCategoryTest" time="0.004"/>
  <testcase name="shouldReturnProperlyFormattedToString(String, String)[4]" classname="com.challenge.gradebook.GradingCategoryTest" time="0.001"/>
  <testcase name="shouldHaveCorrectDefaultWeightForFinalExam" classname="com.challenge.gradebook.GradingCategoryTest" time="0.001"/>
  <testcase name="shouldHaveCorrectDefaultWeights(String, double)[1]" classname="com.challenge.gradebook.GradingCategoryTest" time="0.002"/>
  <testcase name="shouldHaveCorrectDefaultWeights(String, double)[2]" classname="com.challenge.gradebook.GradingCategoryTest" time="0.002"/>
  <testcase name="shouldHaveCorrectDefaultWeights(String, double)[3]" classname="com.challenge.gradebook.GradingCategoryTest" time="0.001"/>
  <testcase name="shouldHaveCorrectDefaultWeights(String, double)[4]" classname="com.challenge.gradebook.GradingCategoryTest" time="0.001"/>
  <testcase name="shouldHaveCorrectEqualityBehavior" classname="com.challenge.gradebook.GradingCategoryTest" time="0.001"/>
  <testcase name="shouldHaveCorrectDefaultWeightForHomework" classname="com.challenge.gradebook.GradingCategoryTest" time="0.001"/>
  <testcase name="shouldHaveCorrectToStringForHomeworkCategory" classname="com.challenge.gradebook.GradingCategoryTest" time="0.005"/>
  <testcase name="shouldHaveCorrectOrdinalValues" classname="com.challenge.gradebook.GradingCategoryTest" time="0.001"/>
  <testcase name="shouldIncludeWeightPercentageInToString(GradingCategory)[1]" classname="com.challenge.gradebook.GradingCategoryTest" time="0.001"/>
  <testcase name="shouldIncludeWeightPercentageInToString(GradingCategory)[2]" classname="com.challenge.gradebook.GradingCategoryTest" time="0.001"/>
  <testcase name="shouldIncludeWeightPercentageInToString(GradingCategory)[3]" classname="com.challenge.gradebook.GradingCategoryTest" time="0.001"/>
  <testcase name="shouldIncludeWeightPercentageInToString(GradingCategory)[4]" classname="com.challenge.gradebook.GradingCategoryTest" time="0.003"/>
  <testcase name="shouldWorkCorrectlyWithCollections" classname="com.challenge.gradebook.GradingCategoryTest" time="0.003"/>
  <testcase name="shouldHaveDefaultWeightsThatTotal100Percent" classname="com.challenge.gradebook.GradingCategoryTest" time="0.001"/>
  <testcase name="shouldHavePositiveWeightsForAllCategories(GradingCategory)[1]" classname="com.challenge.gradebook.GradingCategoryTest" time="0.002"/>
  <testcase name="shouldHavePositiveWeightsForAllCategories(GradingCategory)[2]" classname="com.challenge.gradebook.GradingCategoryTest" time="0.001"/>
  <testcase name="shouldHavePositiveWeightsForAllCategories(GradingCategory)[3]" classname="com.challenge.gradebook.GradingCategoryTest" time="0.001"/>
  <testcase name="shouldHavePositiveWeightsForAllCategories(GradingCategory)[4]" classname="com.challenge.gradebook.GradingCategoryTest" time="0.001"/>
  <testcase name="shouldContainAllExpectedGradingCategories" classname="com.challenge.gradebook.GradingCategoryTest" time="0.015"/>
  <testcase name="shouldValidateThatDefaultWeightsAreCorrect" classname="com.challenge.gradebook.GradingCategoryTest" time="0.001"/>
  <testcase name="shouldHaveCorrectDefaultWeightForQuizzes" classname="com.challenge.gradebook.GradingCategoryTest" time="0.001"/>
  <testcase name="shouldMaintainImmutableState" classname="com.challenge.gradebook.GradingCategoryTest" time="0.001"/>
  <testcase name="shouldHaveCorrectDefaultWeightForMidterm" classname="com.challenge.gradebook.GradingCategoryTest" time="0.001"/>
  <testcase name="shouldHaveWeightsNotExceeding100Percent(GradingCategory)[1]" classname="com.challenge.gradebook.GradingCategoryTest" time="0.001"/>
  <testcase name="shouldHaveWeightsNotExceeding100Percent(GradingCategory)[2]" classname="com.challenge.gradebook.GradingCategoryTest" time="0.001"/>
  <testcase name="shouldHaveWeightsNotExceeding100Percent(GradingCategory)[3]" classname="com.challenge.gradebook.GradingCategoryTest" time="0.001"/>
  <testcase name="shouldHaveWeightsNotExceeding100Percent(GradingCategory)[4]" classname="com.challenge.gradebook.GradingCategoryTest" time="0.001"/>
  <testcase name="shouldWorkCorrectlyInSwitchStatements" classname="com.challenge.gradebook.GradingCategoryTest" time="0.004"/>
  <testcase name="shouldReturnCorrectNameForEachCategory(String, String)[1]" classname="com.challenge.gradebook.GradingCategoryTest" time="0.001"/>
  <testcase name="shouldReturnCorrectNameForEachCategory(String, String)[2]" classname="com.challenge.gradebook.GradingCategoryTest" time="0.001"/>
  <testcase name="shouldReturnCorrectNameForEachCategory(String, String)[3]" classname="com.challenge.gradebook.GradingCategoryTest" time="0.003"/>
  <testcase name="shouldReturnCorrectNameForEachCategory(String, String)[4]" classname="com.challenge.gradebook.GradingCategoryTest" time="0.001"/>
  <testcase name="shouldHaveCorrectToStringForFinalExamCategory" classname="com.challenge.gradebook.GradingCategoryTest" time="0.001"/>
  <testcase name="shouldHandleFloatingPointPrecisionInValidation" classname="com.challenge.gradebook.GradingCategoryTest" time="0.002"/>
  <testcase name="shouldRetrieveCategoryByName(GradingCategory)[1]" classname="com.challenge.gradebook.GradingCategoryTest" time="0.003"/>
  <testcase name="shouldRetrieveCategoryByName(GradingCategory)[2]" classname="com.challenge.gradebook.GradingCategoryTest" time="0.003"/>
  <testcase name="shouldRetrieveCategoryByName(GradingCategory)[3]" classname="com.challenge.gradebook.GradingCategoryTest" time="0"/>
  <testcase name="shouldRetrieveCategoryByName(GradingCategory)[4]" classname="com.challenge.gradebook.GradingCategoryTest" time="0.001"/>
  <testcase name="shouldValidateWeightsWithManualCalculation" classname="com.challenge.gradebook.GradingCategoryTest" time="0.001"/>
  <testcase name="shouldIncludeCategoryNameInToString(GradingCategory)[1]" classname="com.challenge.gradebook.GradingCategoryTest" time="0.007"/>
  <testcase name="shouldIncludeCategoryNameInToString(GradingCategory)[2]" classname="com.challenge.gradebook.GradingCategoryTest" time="0.002"/>
  <testcase name="shouldIncludeCategoryNameInToString(GradingCategory)[3]" classname="com.challenge.gradebook.GradingCategoryTest" time="0.002"/>
  <testcase name="shouldIncludeCategoryNameInToString(GradingCategory)[4]" classname="com.challenge.gradebook.GradingCategoryTest" time="0.005"/>
</testsuite>