<?xml version="1.0" encoding="UTF-8"?>
<testsuite xmlns:xsi="http://www.w3.org/2001/XMLSchema-instance" xsi:noNamespaceSchemaLocation="https://maven.apache.org/surefire/maven-surefire-plugin/xsd/surefire-test-report-3.0.xsd" version="3.0" name="com.challenge.gradebook.StudentTest" time="0.151" tests="60" errors="0" skipped="0" failures="0">
  <properties>
[...]
</properties>
  <testcase name="shouldCalculateGpaWithSingleCourse" classname="com.challenge.gradebook.StudentTest" time="0.001"/>
  <testcase name="shouldThrowExceptionForCourseReportOfNonEnrolledCourse" classname="com.challenge.gradebook.StudentTest" time="0.005"/>
  <testcase name="shouldReturnProperlyFormattedToString" classname="com.challenge.gradebook.StudentTest" time="0.002"/>
  <testcase name="shouldBeEqualToItself" classname="com.challenge.gradebook.StudentTest" time="0.001"/>
  <testcase name="shouldReturn0GpaWhenNoCoursesEnrolled" classname="com.challenge.gradebook.StudentTest" time="0.001"/>
  <testcase name="shouldThrowExceptionForNullCourseEnrollment" classname="com.challenge.gradebook.StudentTest" time="0.006"/>
  <testcase name="shouldHandleMultipleCourseEnrollments" classname="com.challenge.gradebook.StudentTest" time="0.003"/>
  <testcase name="shouldAddAssignmentToEnrolledCourse" classname="com.challenge.gradebook.StudentTest" time="0.004"/>
  <testcase name="shouldCreateStudentWithValidParameters" classname="com.challenge.gradebook.StudentTest" time="0.001"/>
  <testcase name="shouldThrowExceptionForEmptyStudentName" classname="com.challenge.gradebook.StudentTest" time="0.003"/>
  <testcase name="shouldTrimWhitespaceFromStudentIdAndName" classname="com.challenge.gradebook.StudentTest" time="0"/>
  <testcase name="shouldCalculateGpaWithEqualCreditHourCourses" classname="com.challenge.gradebook.StudentTest" time="0.001"/>
  <testcase name="shouldGenerateComprehensiveTranscript" classname="com.challenge.gradebook.StudentTest" time="0.004"/>
  <testcase name="shouldAddMultipleAssignmentsToCourse" classname="com.challenge.gradebook.StudentTest" time="0.001"/>
  <testcase name="shouldHandleVeryLongStudentIdAndName" classname="com.challenge.gradebook.StudentTest" time="0.001"/>
  <testcase name="shouldReturnDefensiveCopiesFromGetters" classname="com.challenge.gradebook.StudentTest" time="0.002"/>
  <testcase name="shouldNotBeEqualToNull" classname="com.challenge.gradebook.StudentTest" time="0.001"/>
  <testcase name="shouldCalculateCategoryAverageCorrectly" classname="com.challenge.gradebook.StudentTest" time="0.001"/>
  <testcase name="shouldNotBeEqualWhenStudentIdsDiffer" classname="com.challenge.gradebook.StudentTest" time="0"/>
  <testcase name="shouldDetermineCorrectAcademicStanding(double, String)[1]" classname="com.challenge.gradebook.StudentTest" time="0.002"/>
  <testcase name="shouldDetermineCorrectAcademicStanding(double, String)[2]" classname="com.challenge.gradebook.StudentTest" time="0.002"/>
  <testcase name="shouldDetermineCorrectAcademicStanding(double, String)[3]" classname="com.challenge.gradebook.StudentTest" time="0.001"/>
  <testcase name="shouldDetermineCorrectAcademicStanding(double, String)[4]" classname="com.challenge.gradebook.StudentTest" time="0.002"/>
  <testcase name="shouldDetermineCorrectAcademicStanding(double, String)[5]" classname="com.challenge.gradebook.StudentTest" time="0.001"/>
  <testcase name="shouldDetermineCorrectAcademicStanding(double, String)[6]" classname="com.challenge.gradebook.StudentTest" time="0.001"/>
  <testcase name="shouldDetermineCorrectAcademicStanding(double, String)[7]" classname="com.challenge.gradebook.StudentTest" time="0.001"/>
  <testcase name="shouldDetermineCorrectAcademicStanding(double, String)[8]" classname="com.challenge.gradebook.StudentTest" time="0.001"/>
  <testcase name="shouldDetermineCorrectAcademicStanding(double, String)[9]" classname="com.challenge.gradebook.StudentTest" time="0.001"/>
  <testcase name="shouldDetermineCorrectAcademicStanding(double, String)[10]" classname="com.challenge.gradebook.StudentTest" time="0.001"/>
  <testcase name="shouldGenerateCourseReportForEnrolledCourse" classname="com.challenge.gradebook.StudentTest" time="0.002"/>
  <testcase name="shouldGenerateTranscriptWithNoCourses" classname="com.challenge.gradebook.StudentTest" time="0.001"/>
  <testcase name="shouldBeEqualWhenStudentIdsMatch" classname="com.challenge.gradebook.StudentTest" time="0.002"/>
  <testcase name="shouldHandleGpaCalculationEdgeCases(double)[1]" classname="com.challenge.gradebook.StudentTest" time="0.001"/>
  <testcase name="shouldHandleGpaCalculationEdgeCases(double)[2]" classname="com.challenge.gradebook.StudentTest" time="0.001"/>
  <testcase name="shouldHandleGpaCalculationEdgeCases(double)[3]" classname="com.challenge.gradebook.StudentTest" time="0"/>
  <testcase name="shouldHandleGpaCalculationEdgeCases(double)[4]" classname="com.challenge.gradebook.StudentTest" time="0.001"/>
  <testcase name="shouldHandleGpaCalculationEdgeCases(double)[5]" classname="com.challenge.gradebook.StudentTest" time="0.001"/>
  <testcase name="shouldHandleGpaCalculationEdgeCases(double)[6]" classname="com.challenge.gradebook.StudentTest" time="0.001"/>
  <testcase name="shouldHandleGpaCalculationEdgeCases(double)[7]" classname="com.challenge.gradebook.StudentTest" time="0.001"/>
  <testcase name="shouldHandleGpaCalculationEdgeCases(double)[8]" classname="com.challenge.gradebook.StudentTest" time="0.001"/>
  <testcase name="shouldHandleGpaCalculationEdgeCases(double)[9]" classname="com.challenge.gradebook.StudentTest" time="0.001"/>
  <testcase name="shouldThrowExceptionForDuplicateCourseEnrollment" classname="com.challenge.gradebook.StudentTest" time="0.002"/>
  <testcase name="shouldCalculateGpaWeightedByCreditHours" classname="com.challenge.gradebook.StudentTest" time="0.001"/>
  <testcase name="shouldThrowExceptionWhenAddingAssignmentToNonEnrolledCourse" classname="com.challenge.gradebook.StudentTest" time="0.002"/>
  <testcase name="shouldThrowExceptionForNullStudentId" classname="com.challenge.gradebook.StudentTest" time="0.001"/>
  <testcase name="shouldThrowExceptionForWhitespaceOnlyStudentId" classname="com.challenge.gradebook.StudentTest" time="0.001"/>
  <testcase name="shouldEnrollStudentInMultipleCourses" classname="com.challenge.gradebook.StudentTest" time="0.001"/>
  <testcase name="shouldCheckEnrollmentStatusCorrectly" classname="com.challenge.gradebook.StudentTest" time="0.001"/>
  <testcase name="shouldThrowExceptionForNullStudentName" classname="com.challenge.gradebook.StudentTest" time="0"/>
  <testcase name="shouldThrowExceptionForWhitespaceOnlyStudentName" classname="com.challenge.gradebook.StudentTest" time="0.001"/>
  <testcase name="shouldCreateAndUseCourseGradeCorrectly" classname="com.challenge.gradebook.StudentTest" time="0"/>
  <testcase name="shouldGetCourseByName" classname="com.challenge.gradebook.StudentTest" time="0.001"/>
  <testcase name="shouldEnrollStudentInCourseSuccessfully" classname="com.challenge.gradebook.StudentTest" time="0.001"/>
  <testcase name="shouldThrowExceptionForCategoryAverageOfNonEnrolledCourse" classname="com.challenge.gradebook.StudentTest" time="0.002"/>
  <testcase name="shouldReturnCorrectValuesFromGetters" classname="com.challenge.gradebook.StudentTest" time="0.001"/>
  <testcase name="shouldGetCourseByNameCaseInsensitively" classname="com.challenge.gradebook.StudentTest" time="0"/>
  <testcase name="shouldThrowExceptionForCourseGradeOfNonEnrolledCourse" classname="com.challenge.gradebook.StudentTest" time="0.001"/>
  <testcase name="shouldReturnAcademicProbationWithNoCourses" classname="com.challenge.gradebook.StudentTest" time="0"/>
  <testcase name="shouldThrowExceptionForEmptyStudentId" classname="com.challenge.gradebook.StudentTest" time="0.001"/>
  <testcase name="shouldCalculateCourseGradeCorrectly" classname="com.challenge.gradebook.StudentTest" time="0.002"/>
</testsuite>